2022-11-02T07:57:28.932Z [Winston] debug: listening on port 4000
2022-11-02T07:57:44.206Z [Winston] debug: Unauthorized, no token
2022-11-02T08:29:30.107Z [Winston] debug: -----getRandomProducts-----
2022-11-02T08:29:30.254Z [Winston] debug: -----getRandomProducts-----
2022-11-02T08:29:30.266Z [Winston] debug: -----getRandomProducts-----
2022-11-02T08:29:30.278Z [Winston] debug: -----getRandomProducts-----
2022-11-02T08:30:20.811Z [Winston] debug: -----getRandomProducts-----
2022-11-02T08:30:20.843Z [Winston] debug: -----getRandomProducts-----
2022-11-02T08:30:20.858Z [Winston] debug: -----getRandomProducts-----
2022-11-02T08:30:20.869Z [Winston] debug: -----getRandomProducts-----
2022-11-02T08:30:59.937Z [Winston] debug: -----getRandomProducts-----
2022-11-02T08:30:59.954Z [Winston] debug: Unauthorized, no token
2022-11-02T08:30:59.956Z [Winston] debug: Unauthorized, no token
2022-11-02T08:30:59.980Z [Winston] debug: -----getRandomProducts-----
2022-11-02T08:30:59.995Z [Winston] debug: -----getRandomProducts-----
2022-11-02T08:31:00.005Z [Winston] debug: -----getRandomProducts-----
2022-11-02T08:31:02.347Z [Winston] debug: Unauthorized, no token
2022-11-02T08:31:02.351Z [Winston] debug: -----getRandomProducts-----
2022-11-02T08:31:02.353Z [Winston] debug: Unauthorized, no token
2022-11-02T08:31:02.378Z [Winston] debug: -----getRandomProducts-----
2022-11-02T08:31:02.388Z [Winston] debug: -----getRandomProducts-----
2022-11-02T08:31:02.407Z [Winston] debug: -----getRandomProducts-----
2022-11-02T08:31:27.402Z [Winston] debug: -----login-----
2022-11-02T08:31:27.403Z [Winston] debug: SELECT * FROM Users WHERE email='superadmin';
2022-11-02T08:31:31.395Z [Winston] debug: -----loginWithToken-----
2022-11-02T08:31:31.407Z [Winston] debug: -----loginWithToken-----
2022-11-02T08:32:00.596Z [Winston] debug: -----getRandomProducts-----
2022-11-02T08:32:00.618Z [Winston] debug: -----getRandomProducts-----
2022-11-02T08:32:00.630Z [Winston] debug: -----getRandomProducts-----
2022-11-02T08:32:00.641Z [Winston] debug: -----getRandomProducts-----
2022-11-02T08:32:02.440Z [Winston] debug: -----getRandomProducts-----
2022-11-02T08:32:02.444Z [Winston] debug: -----loginWithToken-----
2022-11-02T08:32:02.447Z [Winston] debug: -----loginWithToken-----
2022-11-02T08:32:02.458Z [Winston] debug: -----getRandomProducts-----
2022-11-02T08:32:02.476Z [Winston] debug: -----getRandomProducts-----
2022-11-02T08:32:02.491Z [Winston] debug: -----getRandomProducts-----
2022-11-02T08:33:15.412Z [Winston] debug: -----getRandomProducts-----
2022-11-02T08:33:15.429Z [Winston] debug: -----getRandomProducts-----
2022-11-02T08:33:15.441Z [Winston] debug: -----getRandomProducts-----
2022-11-02T08:33:15.452Z [Winston] debug: -----getRandomProducts-----
2022-11-02T08:35:04.134Z [Winston] debug: listening on port 4000
2022-11-02T08:37:00.520Z [Winston] debug: listening on port 4000
2022-11-02T08:39:51.057Z [Winston] debug: listening on port 4000
2022-11-02T08:40:04.400Z [Winston] debug: listening on port 4000
